Downloading:   0%|          | 0.00/393M [00:00<?, ?B/s]Downloading:   0%|          | 1.00k/393M [00:00<24:25:05, 4.68kB/s]Downloading:   0%|          | 17.0k/393M [00:00<2:15:05, 50.8kB/s] Downloading:   0%|          | 33.0k/393M [00:01<4:39:08, 24.6kB/s]Downloading:   0%|          | 49.0k/393M [00:01<3:10:56, 35.9kB/s]Downloading:   0%|          | 65.0k/393M [00:02<4:23:37, 26.0kB/s]Downloading:   0%|          | 97.0k/393M [00:03<3:29:21, 32.8kB/s]Downloading:   0%|          | 140k/393M [00:03<2:03:11, 55.7kB/s] Downloading:   0%|          | 156k/393M [00:03<2:10:09, 52.7kB/s]Downloading:   0%|          | 190k/393M [00:04<2:08:53, 53.2kB/s]Downloading:   0%|          | 206k/393M [00:04<1:58:03, 58.1kB/s]Downloading:   0%|          | 254k/393M [00:05<1:32:10, 74.4kB/s]Downloading:   0%|          | 278k/393M [00:05<1:34:45, 72.3kB/s]Downloading:   0%|          | 334k/393M [00:05<1:13:24, 93.4kB/s]Downloading:   0%|          | 350k/393M [00:06<1:14:00, 92.6kB/s]Downloading:   0%|          | 371k/393M [00:06<1:17:14, 88.7kB/s]Downloading:   0%|          | 387k/393M [00:06<1:32:25, 74.1kB/s]Downloading:   0%|          | 407k/393M [00:07<1:40:24, 68.3kB/s]Downloading:   0%|          | 423k/393M [00:07<1:52:41, 60.8kB/s]Downloading:   0%|          | 435k/393M [00:08<3:02:55, 37.5kB/s]Downloading:   0%|          | 453k/393M [00:08<2:30:42, 45.5kB/s]Downloading:   0%|          | 469k/393M [00:09<4:04:14, 28.1kB/s]Downloading:   0%|          | 531k/393M [00:09<1:56:30, 58.8kB/s]Downloading:   0%|          | 547k/393M [00:10<1:47:19, 63.8kB/s]Downloading:   0%|          | 562k/393M [00:10<1:54:13, 60.0kB/s]Downloading:   0%|          | 578k/393M [00:11<2:46:55, 41.0kB/s]Downloading:   0%|          | 653k/393M [00:11<1:21:43, 83.8kB/s]Downloading:   0%|          | 669k/393M [00:12<1:50:57, 61.7kB/s]Downloading:   0%|          | 685k/393M [00:12<1:46:52, 64.1kB/s]Downloading:   0%|          | 733k/393M [00:12<1:14:06, 92.4kB/s]Downloading:   0%|          | 749k/393M [00:13<2:15:43, 50.4kB/s]Downloading:   0%|          | 765k/393M [00:13<2:09:30, 52.9kB/s]Downloading:   0%|          | 781k/393M [00:14<1:54:18, 59.9kB/s]Downloading:   0%|          | 813k/393M [00:14<2:02:20, 56.0kB/s]Downloading:   0%|          | 829k/393M [00:15<2:09:02, 53.0kB/s]Downloading:   0%|          | 861k/393M [00:15<1:34:24, 72.5kB/s]Downloading:   0%|          | 893k/393M [00:15<1:28:09, 77.6kB/s]Downloading:   0%|          | 909k/393M [00:16<2:00:34, 56.8kB/s]Downloading:   0%|          | 925k/393M [00:17<3:09:47, 36.1kB/s]Downloading:   0%|          | 941k/393M [00:17<2:42:27, 42.1kB/s]Downloading:   0%|          | 973k/393M [00:17<1:55:20, 59.3kB/s]Downloading:   0%|          | 0.98M/393M [00:17<1:22:21, 83.1kB/s]Downloading:   0%|          | 1.01M/393M [00:17<1:02:53, 109kB/s] Downloading:   0%|          | 1.04M/393M [00:18<51:27, 133kB/s]  Downloading:   0%|          | 1.08M/393M [00:18<1:15:40, 90.4kB/s]Downloading:   0%|          | 1.09M/393M [00:19<1:30:09, 75.9kB/s]Downloading:   0%|          | 1.11M/393M [00:19<1:27:18, 78.3kB/s]Downloading:   0%|          | 1.12M/393M [00:20<2:38:08, 43.3kB/s]Downloading:   0%|          | 1.14M/393M [00:20<2:22:50, 47.9kB/s]Downloading:   0%|          | 1.15M/393M [00:21<3:56:42, 28.9kB/s]Downloading:   0%|          | 1.18M/393M [00:21<2:41:08, 42.4kB/s]Downloading:   0%|          | 1.22M/393M [00:22<2:01:00, 56.5kB/s]Downloading:   0%|          | 1.23M/393M [00:22<2:51:06, 40.0kB/s]Downloading:   0%|          | 1.26M/393M [00:23<2:03:05, 55.5kB/s]Downloading:   0%|          | 1.29M/393M [00:24<2:26:21, 46.7kB/s]Downloading:   0%|          | 1.31M/393M [00:25<3:25:11, 33.3kB/s]Downloading:   0%|          | 1.33M/393M [00:25<3:00:57, 37.8kB/s]Downloading:   0%|          | 1.34M/393M [00:26<4:07:23, 27.6kB/s]Downloading:   0%|          | 1.40M/393M [00:26<1:55:39, 59.1kB/s]Downloading:   0%|          | 1.42M/393M [00:27<2:15:08, 50.6kB/s]Downloading:   0%|          | 1.43M/393M [00:27<2:10:19, 52.4kB/s]Downloading:   0%|          | 1.47M/393M [00:27<1:39:03, 69.0kB/s]Downloading:   0%|          | 1.48M/393M [00:28<1:52:45, 60.6kB/s]Downloading:   0%|          | 1.50M/393M [00:28<1:46:22, 64.2kB/s]Downloading:   0%|          | 1.51M/393M [00:28<2:03:13, 55.4kB/s]Downloading:   0%|          | 1.53M/393M [00:29<2:24:29, 47.3kB/s]Downloading:   0%|          | 1.56M/393M [00:29<2:33:28, 44.5kB/s]Downloading:   0%|          | 1.59M/393M [00:30<1:49:56, 62.1kB/s]Downloading:   0%|          | 1.61M/393M [00:31<2:54:45, 39.1kB/s]Downloading:   0%|          | 1.62M/393M [00:31<2:31:52, 45.0kB/s]Downloading:   0%|          | 1.64M/393M [00:32<3:40:52, 30.9kB/s]Downloading:   0%|          | 1.65M/393M [00:32<3:14:22, 35.1kB/s]Downloading:   0%|          | 1.67M/393M [00:32<2:37:53, 43.3kB/s]Downloading:   0%|          | 1.70M/393M [00:33<2:48:19, 40.6kB/s]Downloading:   0%|          | 1.72M/393M [00:33<2:30:48, 45.3kB/s]Downloading:   0%|          | 1.73M/393M [00:34<2:17:59, 49.5kB/s]Downloading:   0%|          | 1.75M/393M [00:34<2:04:07, 55.0kB/s]Downloading:   0%|          | 1.76M/393M [00:34<1:51:00, 61.5kB/s]Downloading:   0%|          | 1.78M/393M [00:34<1:41:15, 67.4kB/s]Downloading:   0%|          | 1.79M/393M [00:35<2:48:17, 40.6kB/s]Downloading:   0%|          | 1.83M/393M [00:35<2:06:53, 53.8kB/s]Downloading:   0%|          | 1.84M/393M [00:36<2:36:14, 43.7kB/s]Downloading:   0%|          | 1.87M/393M [00:37<3:17:16, 34.6kB/s]Downloading:   0%|          | 1.90M/393M [00:37<2:22:40, 47.8kB/s]Downloading:   0%|          | 1.93M/393M [00:38<2:31:05, 45.2kB/s]Downloading:   0%|          | 1.95M/393M [00:38<2:17:31, 49.6kB/s]Downloading:   1%|          | 1.97M/393M [00:39<2:09:26, 52.7kB/s]Downloading:   1%|          | 2.00M/393M [00:39<1:37:30, 70.0kB/s]Downloading:   1%|          | 2.01M/393M [00:39<1:26:05, 79.3kB/s]Downloading:   1%|          | 2.03M/393M [00:41<4:18:55, 26.4kB/s]Downloading:   1%|          | 2.04M/393M [00:41<3:33:12, 32.0kB/s]Downloading:   1%|          | 2.08M/393M [00:41<2:19:56, 48.8kB/s]Downloading:   1%|          | 2.09M/393M [00:42<3:23:22, 33.5kB/s]Downloading:   1%|          | 2.11M/393M [00:43<2:51:56, 39.7kB/s]Downloading:   1%|          | 2.12M/393M [00:43<2:27:00, 46.4kB/s]Downloading:   1%|          | 2.15M/393M [00:44<3:12:51, 35.4kB/s]Downloading:   1%|          | 2.17M/393M [00:44<2:45:37, 41.2kB/s]Downloading:   1%|          | 2.22M/393M [00:50<7:58:54, 14.2kB/s]Downloading:   1%|          | 2.25M/393M [00:50<5:38:25, 20.2kB/s]Downloading:   1%|          | 2.28M/393M [00:51<4:43:51, 24.0kB/s]Downloading:   1%|          | 2.31M/393M [00:51<3:39:23, 31.1kB/s]Downloading:   1%|          | 2.34M/393M [00:52<3:21:31, 33.8kB/s]Downloading:   1%|          | 2.37M/393M [00:52<2:32:54, 44.6kB/s]Downloading:   1%|          | 2.39M/393M [00:53<3:21:16, 33.9kB/s]Downloading:   1%|          | 2.40M/393M [00:53<2:55:51, 38.8kB/s]Downloading:   1%|          | 2.42M/393M [00:54<2:33:27, 44.4kB/s]Downloading:   1%|          | 2.43M/393M [00:54<2:20:15, 48.6kB/s]Downloading:   1%|          | 2.45M/393M [00:56<4:56:43, 23.0kB/s]Downloading:   1%|          | 2.47M/393M [00:56<3:58:37, 28.6kB/s]Downloading:   1%|          | 2.48M/393M [00:56<3:14:02, 35.1kB/s]Downloading:   1%|          | 2.51M/393M [00:56<2:10:03, 52.4kB/s]Downloading:   1%|          | 2.53M/393M [00:57<2:27:40, 46.1kB/s]Downloading:   1%|          | 2.59M/393M [00:58<2:05:46, 54.2kB/s]Downloading:   1%|          | 2.61M/393M [00:58<2:23:33, 47.5kB/s]Downloading:   1%|          | 2.62M/393M [00:59<2:10:20, 52.3kB/s]Downloading:   1%|          | 2.64M/393M [00:59<2:15:14, 50.4kB/s]Downloading:   1%|          | 2.65M/393M [01:00<3:17:55, 34.4kB/s]Downloading:   1%|          | 2.67M/393M [01:00<2:47:00, 40.8kB/s]Downloading:   1%|          | 2.70M/393M [01:01<2:38:14, 43.0kB/s]Downloading:   1%|          | 2.72M/393M [01:01<2:36:57, 43.4kB/s]Downloading:   1%|          | 2.75M/393M [01:01<1:49:42, 62.1kB/s]Downloading:   1%|          | 2.76M/393M [01:01<1:44:51, 65.0kB/s]Downloading:   1%|          | 2.78M/393M [01:02<2:38:02, 43.1kB/s]Downloading:   1%|          | 2.79M/393M [01:03<4:02:52, 28.0kB/s]Downloading:   1%|          | 2.83M/393M [01:04<2:36:29, 43.5kB/s]Downloading:   1%|          | 2.86M/393M [01:04<1:56:52, 58.3kB/s]Downloading:   1%|          | 2.87M/393M [01:05<3:00:46, 37.7kB/s]Downloading:   1%|          | 2.89M/393M [01:05<2:37:16, 43.3kB/s]Downloading:   1%|          | 2.90M/393M [01:06<3:54:42, 29.0kB/s]Downloading:   1%|          | 2.97M/393M [01:08<3:26:58, 32.9kB/s]Downloading:   1%|          | 2.98M/393M [01:11<6:53:08, 16.5kB/s]Downloading:   1%|          | 3.01M/393M [01:18<12:29:44, 9.08kB/s]Downloading:   1%|          | 3.03M/393M [01:18<10:20:51, 11.0kB/s]Downloading:   1%|          | 3.04M/393M [01:19<8:34:54, 13.2kB/s] Downloading:   1%|          | 3.08M/393M [01:19<5:53:25, 19.3kB/s]Downloading:   1%|          | 3.09M/393M [01:20<5:46:02, 19.7kB/s]Downloading:   1%|          | 3.11M/393M [01:20<4:45:05, 23.9kB/s]Downloading:   1%|          | 3.12M/393M [01:20<3:56:15, 28.8kB/s]Downloading:   1%|          | 3.14M/393M [01:21<4:09:20, 27.3kB/s]Downloading:   1%|          | 3.15M/393M [01:22<4:07:48, 27.5kB/s]Downloading:   1%|          | 3.17M/393M [01:23<4:55:56, 23.0kB/s]Downloading:   1%|          | 3.18M/393M [01:23<4:00:45, 28.3kB/s]Downloading:   1%|          | 3.20M/393M [01:23<3:07:55, 36.2kB/s]Downloading:   1%|          | 3.22M/393M [01:25<5:48:30, 19.5kB/s]Downloading:   1%|          | 3.23M/393M [01:25<4:28:08, 25.4kB/s]Downloading:   1%|          | 3.26M/393M [01:25<2:52:14, 39.5kB/s]Downloading:   1%|          | 3.28M/393M [01:25<2:30:33, 45.2kB/s]Downloading:   1%|          | 3.29M/393M [01:26<3:24:47, 33.2kB/s]Downloading:   1%|          | 3.33M/393M [01:27<2:26:12, 46.5kB/s]Downloading:   1%|          | 3.34M/393M [01:27<2:11:23, 51.8kB/s]Downloading:   1%|          | 3.36M/393M [01:28<3:18:27, 34.3kB/s]Downloading:   1%|          | 3.39M/393M [01:28<2:11:36, 51.7kB/s]Downloading:   1%|          | 3.40M/393M [01:29<2:33:48, 44.2kB/s]Downloading:   1%|          | 3.42M/393M [01:29<2:14:38, 50.5kB/s]Downloading:   1%|          | 3.45M/393M [01:29<1:54:18, 59.5kB/s]Downloading:   1%|          | 3.47M/393M [01:30<2:35:16, 43.8kB/s]Downloading:   1%|          | 3.48M/393M [01:30<2:21:27, 48.1kB/s]Downloading:   1%|          | 3.50M/393M [01:30<2:08:25, 52.9kB/s]Downloading:   1%|          | 3.53M/393M [01:31<2:13:17, 51.0kB/s]Downloading:   1%|          | 3.54M/393M [01:31<1:59:57, 56.7kB/s]Downloading:   1%|          | 3.56M/393M [01:32<2:10:59, 51.9kB/s]Downloading:   1%|          | 3.58M/393M [01:32<2:11:20, 51.8kB/s]Downloading:   1%|          | 3.64M/393M [01:32<1:06:37, 102kB/s] Downloading:   1%|          | 3.65M/393M [01:33<2:08:12, 53.0kB/s]Downloading:   1%|          | 3.67M/393M [01:33<1:57:42, 57.7kB/s]Downloading:   1%|          | 3.68M/393M [01:34<1:48:25, 62.7kB/s]Downloading:   1%|          | 3.70M/393M [01:34<3:01:50, 37.4kB/s]Downloading:   1%|          | 3.75M/393M [01:35<1:42:10, 66.5kB/s]Downloading:   1%|          | 3.76M/393M [01:36<2:29:45, 45.4kB/s]Downloading:   1%|          | 3.78M/393M [01:36<2:14:57, 50.3kB/s]Downloading:   1%|          | 3.83M/393M [01:37<2:04:25, 54.6kB/s]Downloading:   1%|          | 3.84M/393M [01:37<1:59:10, 57.0kB/s]Downloading:   1%|          | 3.89M/393M [01:37<1:16:13, 89.1kB/s]Downloading:   1%|          | 3.90M/393M [01:37<1:17:21, 87.8kB/s]Downloading:   1%|          | 3.92M/393M [01:38<1:48:01, 62.9kB/s]Downloading:   1%|          | 3.93M/393M [01:38<1:46:44, 63.6kB/s]Downloading:   1%|          | 3.95M/393M [01:39<3:46:21, 30.0kB/s]Downloading:   1%|          | 3.98M/393M [01:40<2:31:40, 44.8kB/s]Downloading:   1%|          | 4.00M/393M [01:42<4:58:53, 22.7kB/s]Downloading:   1%|          | 4.01M/393M [01:42<4:04:35, 27.8kB/s]Downloading:   1%|          | 4.06M/393M [01:43<2:57:30, 38.2kB/s]Downloading:   1%|          | 4.08M/393M [01:43<2:41:01, 42.2kB/s]Downloading:   1%|          | 4.11M/393M [01:43<2:10:18, 52.1kB/s]Downloading:   1%|          | 4.12M/393M [01:43<2:00:34, 56.3kB/s]Downloading:   1%|          | 4.14M/393M [01:44<1:50:18, 61.5kB/s]Downloading:   1%|          | 4.15M/393M [01:44<1:43:31, 65.6kB/s]Downloading:   1%|          | 4.17M/393M [01:45<2:48:41, 40.2kB/s]Downloading:   1%|          | 4.18M/393M [01:45<2:50:42, 39.8kB/s]Downloading:   1%|          | 4.20M/393M [01:45<2:26:00, 46.5kB/s]Downloading:   1%|          | 4.22M/393M [01:45<2:11:54, 51.4kB/s]Downloading:   1%|          | 4.23M/393M [01:46<1:57:26, 57.8kB/s]Downloading:   1%|          | 4.25M/393M [01:46<2:45:26, 41.0kB/s]Downloading:   1%|          | 4.26M/393M [01:47<3:10:53, 35.5kB/s]Downloading:   1%|          | 4.29M/393M [01:47<2:33:21, 44.2kB/s]Downloading:   1%|          | 4.31M/393M [01:48<2:17:47, 49.2kB/s]Downloading:   1%|          | 4.33M/393M [01:48<2:01:41, 55.7kB/s]Downloading:   1%|          | 4.34M/393M [01:48<2:40:10, 42.4kB/s]Downloading:   1%|          | 4.36M/393M [01:49<2:16:40, 49.6kB/s]Downloading:   1%|          | 4.37M/393M [01:49<3:07:20, 36.2kB/s]Downloading:   1%|          | 4.39M/393M [01:50<3:19:07, 34.1kB/s]Downloading:   1%|          | 4.43M/393M [01:50<2:08:33, 52.8kB/s]Downloading:   1%|          | 4.45M/393M [01:51<1:58:57, 57.0kB/s]Downloading:   1%|          | 4.47M/393M [01:52<3:45:39, 30.1kB/s]Downloading:   1%|          | 4.48M/393M [01:52<3:10:53, 35.5kB/s]Downloading:   1%|          | 4.53M/393M [01:53<2:32:12, 44.5kB/s]Downloading:   1%|          | 4.54M/393M [01:54<2:53:22, 39.1kB/s]Downloading:   1%|          | 4.56M/393M [01:54<2:33:56, 44.0kB/s]Downloading:   1%|          | 4.61M/393M [01:55<1:58:59, 57.0kB/s]Downloading:   1%|          | 4.62M/393M [01:55<2:19:23, 48.6kB/s]Downloading:   1%|          | 4.65M/393M [01:56<2:52:18, 39.3kB/s]Downloading:   1%|          | 4.67M/393M [01:56<2:33:05, 44.3kB/s]Downloading:   1%|          | 4.68M/393M [01:57<2:18:03, 49.1kB/s]Downloading:   1%|          | 4.70M/393M [01:57<2:01:46, 55.7kB/s]Downloading:   1%|          | 4.72M/393M [01:58<3:13:09, 35.1kB/s]Downloading:   1%|          | 4.73M/393M [01:58<2:41:47, 41.9kB/s]Downloading:   1%|          | 4.75M/393M [01:58<2:27:25, 46.0kB/s]Downloading:   1%|          | 4.76M/393M [01:58<2:05:23, 54.0kB/s]Downloading:   1%|          | 4.78M/393M [02:00<5:02:47, 22.4kB/s]Downloading:   1%|          | 4.79M/393M [02:04<10:18:23, 11.0kB/s]Downloading:   1%|          | 4.83M/393M [02:04<5:58:50, 18.9kB/s] Downloading:   1%|          | 4.86M/393M [02:05<4:50:49, 23.3kB/s]Downloading:   1%|          | 4.87M/393M [02:05<4:07:23, 27.4kB/s]Downloading:   1%|▏         | 4.92M/393M [02:05<2:21:25, 47.9kB/s]Downloading:   1%|▏         | 4.95M/393M [02:06<2:06:34, 53.5kB/s]Downloading:   1%|▏         | 4.97M/393M [02:06<2:31:59, 44.6kB/s]Downloading:   1%|▏         | 4.98M/393M [02:06<2:17:19, 49.3kB/s]Downloading:   1%|▏         | 5.03M/393M [02:07<1:24:36, 80.0kB/s]Downloading:   1%|▏         | 5.06M/393M [02:08<2:02:43, 55.2kB/s]Downloading:   1%|▏         | 5.11M/393M [02:08<1:23:49, 80.8kB/s]Downloading:   1%|▏         | 5.14M/393M [02:09<1:57:26, 57.6kB/s]Downloading:   1%|▏         | 5.17M/393M [02:09<1:34:59, 71.3kB/s]Downloading:   1%|▏         | 5.18M/393M [02:09<1:28:02, 76.9kB/s]Downloading:   1%|▏         | 5.22M/393M [02:09<1:11:13, 95.0kB/s]Downloading:   1%|▏         | 5.25M/393M [02:09<59:49, 113kB/s]   Downloading:   1%|▏         | 5.28M/393M [02:13<4:19:24, 26.1kB/s]Downloading:   1%|▏         | 5.33M/393M [02:13<2:45:42, 40.8kB/s]Downloading:   1%|▏         | 5.34M/393M [02:14<3:24:09, 33.1kB/s]Downloading:   1%|▏         | 5.39M/393M [02:14<2:11:21, 51.5kB/s]Downloading:   1%|▏         | 5.40M/393M [02:14<1:57:31, 57.6kB/s]Downloading:   1%|▏         | 5.42M/393M [02:15<2:08:40, 52.6kB/s]Downloading:   1%|▏         | 5.43M/393M [02:15<2:13:33, 50.7kB/s]Downloading:   1%|▏         | 5.45M/393M [02:15<2:00:06, 56.3kB/s]Downloading:   1%|▏         | 5.47M/393M [02:15<1:52:04, 60.4kB/s]Downloading:   1%|▏         | 5.51M/393M [02:16<1:55:57, 58.3kB/s]Downloading:   1%|▏         | 5.53M/393M [02:17<2:51:00, 39.5kB/s]Downloading:   1%|▏         | 5.58M/393M [02:17<1:45:00, 64.4kB/s]Downloading:   1%|▏         | 5.59M/393M [02:18<1:58:15, 57.2kB/s]Downloading:   1%|▏         | 5.61M/393M [02:20<3:56:16, 28.6kB/s]Downloading:   1%|▏         | 5.62M/393M [02:20<3:23:37, 33.2kB/s]Downloading:   1%|▏         | 5.64M/393M [02:22<5:48:51, 19.4kB/s]Downloading:   1%|▏         | 5.65M/393M [02:22<4:47:50, 23.5kB/s]Downloading:   1%|▏         | 5.67M/393M [02:22<3:41:37, 30.5kB/s]Downloading:   1%|▏         | 5.68M/393M [02:22<3:15:09, 34.6kB/s]Downloading:   1%|▏         | 5.70M/393M [02:23<3:01:33, 37.2kB/s]Downloading:   1%|▏         | 5.72M/393M [02:24<3:52:32, 29.1kB/s]Downloading:   1%|▏         | 5.73M/393M [02:24<3:17:31, 34.2kB/s]Downloading:   1%|▏         | 5.75M/393M [02:25<4:29:33, 25.1kB/s]Downloading:   1%|▏         | 5.76M/393M [02:25<3:32:11, 31.9kB/s]Downloading:   1%|▏         | 5.79M/393M [02:27<4:56:52, 22.8kB/s]Downloading:   1%|▏         | 5.81M/393M [02:27<4:06:13, 27.4kB/s]Downloading:   1%|▏         | 5.83M/393M [02:28<4:19:22, 26.1kB/s]Downloading:   1%|▏         | 5.84M/393M [02:29<4:00:25, 28.1kB/s]Downloading:   1%|▏         | 5.86M/393M [02:29<4:12:38, 26.7kB/s]Downloading:   1%|▏         | 5.87M/393M [02:29<3:30:36, 32.1kB/s]Downloading:   2%|▏         | 5.89M/393M [02:30<3:00:05, 37.5kB/s]Downloading:   2%|▏         | 5.90M/393M [02:35<12:37:19, 8.92kB/s]Downloading:   2%|▏         | 5.92M/393M [02:42<23:22:52, 4.82kB/s]Downloading:   2%|▏         | 5.93M/393M [02:42<17:06:44, 6.58kB/s]Downloading:   2%|▏         | 5.95M/393M [02:43<13:43:42, 8.20kB/s]Downloading:   2%|▏         | 5.97M/393M [02:44<12:03:02, 9.34kB/s]Downloading:   2%|▏         | 5.98M/393M [02:45<10:20:50, 10.9kB/s]Downloading:   2%|▏         | 6.00M/393M [02:46<8:54:04, 12.6kB/s] Downloading:   2%|▏         | 6.01M/393M [02:47<6:59:37, 16.1kB/s]Downloading:   2%|▏         | 6.03M/393M [02:47<5:41:57, 19.8kB/s]Downloading:   2%|▏         | 6.06M/393M [02:49<6:18:56, 17.8kB/s]Downloading:   2%|▏         | 6.08M/393M [02:49<5:06:46, 22.0kB/s]Downloading:   2%|▏         | 6.09M/393M [02:51<7:08:52, 15.7kB/s]Downloading:   2%|▏         | 6.11M/393M [02:51<5:32:49, 20.3kB/s]Downloading:   2%|▏         | 6.12M/393M [02:52<4:33:52, 24.7kB/s]Downloading:   2%|▏         | 6.14M/393M [02:55<9:51:04, 11.4kB/s]Downloading:   2%|▏         | 6.15M/393M [02:55<7:21:44, 15.3kB/s]Downloading:   2%|▏         | 6.18M/393M [02:55<4:18:47, 26.1kB/s]Downloading:   2%|▏         | 6.20M/393M [02:56<4:42:25, 23.9kB/s]Downloading:   2%|▏         | 6.22M/393M [02:57<5:15:56, 21.4kB/s]Downloading:   2%|▏         | 6.23M/393M [02:59<7:34:12, 14.9kB/s]Downloading:   2%|▏         | 6.25M/393M [02:59<5:48:50, 19.4kB/s]Downloading:   2%|▏         | 6.26M/393M [02:59<4:22:39, 25.7kB/s]Downloading:   2%|▏         | 6.28M/393M [03:00<4:49:29, 23.3kB/s]Downloading:   2%|▏         | 6.29M/393M [03:01<3:54:16, 28.8kB/s]Downloading:   2%|▏         | 6.33M/393M [03:01<2:37:17, 42.9kB/s]Downloading:   2%|▏         | 6.34M/393M [03:01<2:47:45, 40.2kB/s]Downloading:   2%|▏         | 6.36M/393M [03:02<3:03:05, 36.9kB/s]Downloading:   2%|▏         | 6.39M/393M [03:02<2:01:13, 55.7kB/s]Downloading:   2%|▏         | 6.42M/393M [03:04<3:42:25, 30.3kB/s]Downloading:   2%|▏         | 6.43M/393M [03:04<3:11:22, 35.3kB/s]Downloading:   2%|▏         | 6.47M/393M [03:04<2:17:58, 48.9kB/s]Downloading:   2%|▏         | 6.48M/393M [03:05<2:45:51, 40.7kB/s]Downloading:   2%|▏         | 6.50M/393M [03:19<23:45:03, 4.73kB/s]Downloading:   2%|▏         | 6.51M/393M [03:30<23:45:00, 4.73kB/s]Downloading:   2%|▏         | 6.51M/393M [03:31<39:44:14, 2.83kB/s]Downloading:   2%|▏         | 6.53M/393M [03:50<39:44:08, 2.83kB/s]Downloading:   2%|▏         | 6.53M/393M [03:57<75:28:29, 1.49kB/s]Downloading:   2%|▏         | 6.54M/393M [03:57<55:12:43, 2.04kB/s]Downloading:   2%|▏         | 6.56M/393M [04:10<55:12:36, 2.04kB/s]("Connection broken: ConnectionResetError(104, 'Connection reset by peer')", ConnectionResetError(104, 'Connection reset by peer'))
Traceback (most recent call last):
  File "/diske/Anaconda3/envs/test/lib/python3.7/site-packages/urllib3/response.py", line 438, in _error_catcher
    yield
  File "/diske/Anaconda3/envs/test/lib/python3.7/site-packages/urllib3/response.py", line 519, in read
    data = self._fp.read(amt) if not fp_closed else b""
  File "/diske/Anaconda3/envs/test/lib/python3.7/http/client.py", line 465, in read
    n = self.readinto(b)
  File "/diske/Anaconda3/envs/test/lib/python3.7/http/client.py", line 509, in readinto
    n = self.fp.readinto(b)
  File "/diske/Anaconda3/envs/test/lib/python3.7/socket.py", line 589, in readinto
    return self._sock.recv_into(b)
  File "/diske/Anaconda3/envs/test/lib/python3.7/ssl.py", line 1071, in recv_into
    return self.read(nbytes, buffer)
  File "/diske/Anaconda3/envs/test/lib/python3.7/ssl.py", line 929, in read
    return self._sslobj.read(len, buffer)
ConnectionResetError: [Errno 104] Connection reset by peer

During handling of the above exception, another exception occurred:

Traceback (most recent call last):
  File "/diske/Anaconda3/envs/test/lib/python3.7/site-packages/requests/models.py", line 753, in generate
    for chunk in self.raw.stream(chunk_size, decode_content=True):
  File "/diske/Anaconda3/envs/test/lib/python3.7/site-packages/urllib3/response.py", line 576, in stream
    data = self.read(amt=amt, decode_content=decode_content)
  File "/diske/Anaconda3/envs/test/lib/python3.7/site-packages/urllib3/response.py", line 541, in read
    raise IncompleteRead(self._fp_bytes_read, self.length_remaining)
  File "/diske/Anaconda3/envs/test/lib/python3.7/contextlib.py", line 130, in __exit__
    self.gen.throw(type, value, traceback)
  File "/diske/Anaconda3/envs/test/lib/python3.7/site-packages/urllib3/response.py", line 455, in _error_catcher
    raise ProtocolError("Connection broken: %r" % e, e)
urllib3.exceptions.ProtocolError: ("Connection broken: ConnectionResetError(104, 'Connection reset by peer')", ConnectionResetError(104, 'Connection reset by peer'))

During handling of the above exception, another exception occurred:

Traceback (most recent call last):
  File "/diske/Anaconda3/envs/test/lib/python3.7/site-packages/transformers/modeling_utils.py", line 1305, in from_pretrained
    user_agent=user_agent,
  File "/diske/Anaconda3/envs/test/lib/python3.7/site-packages/transformers/file_utils.py", line 1410, in cached_path
    local_files_only=local_files_only,
  File "/diske/Anaconda3/envs/test/lib/python3.7/site-packages/transformers/file_utils.py", line 1666, in get_from_cache
    http_get(url_to_download, temp_file, proxies=proxies, resume_size=resume_size, headers=headers)
  File "/diske/Anaconda3/envs/test/lib/python3.7/site-packages/transformers/file_utils.py", line 1525, in http_get
    for chunk in r.iter_content(chunk_size=1024):
  File "/diske/Anaconda3/envs/test/lib/python3.7/site-packages/requests/models.py", line 756, in generate
    raise ChunkedEncodingError(e)
requests.exceptions.ChunkedEncodingError: ("Connection broken: ConnectionResetError(104, 'Connection reset by peer')", ConnectionResetError(104, 'Connection reset by peer'))

During handling of the above exception, another exception occurred:

Traceback (most recent call last):
  File "Bert_entity.py", line 90, in <module>
    er = Entity_Relation(bert_name_or_path="bert-base-chinese")
  File "Bert_entity.py", line 79, in __init__
    self.bert_entity = Bert_Etity(self.bert_name_or_path,self.hidden_size)
  File "Bert_entity.py", line 12, in __init__
    self.bert = AutoModel.from_pretrained(self.bert_name_or_path)
  File "/diske/Anaconda3/envs/test/lib/python3.7/site-packages/transformers/models/auto/auto_factory.py", line 419, in from_pretrained
    return model_class.from_pretrained(pretrained_model_name_or_path, *model_args, config=config, **kwargs)
  File "/diske/Anaconda3/envs/test/lib/python3.7/site-packages/transformers/modeling_utils.py", line 1318, in from_pretrained
    raise EnvironmentError(msg)
OSError: Can't load weights for 'bert-base-chinese'. Make sure that:

- 'bert-base-chinese' is a correct model identifier listed on 'https://huggingface.co/models'

- or 'bert-base-chinese' is the correct path to a directory containing a file named one of pytorch_model.bin, tf_model.h5, model.ckpt


Downloading:   2%|▏         | 6.56M/393M [08:31<8:21:54, 13.4kB/s] 